<?xml version="1.0" encoding="UTF-8"?>
<!-- Generated by org.testng.reporters.JUnitXMLReporter -->
<testsuite ignored="5" hostname="LAPTOP-58I4EV1J" failures="0" tests="2" name="Test" time="20.466" errors="0" timestamp="13 Oct 2023 16:07:17 GMT">
  <testcase classname="testcases.session" name="dologin" time="19.461"/>
  <testcase classname="testcases.portifolioManagement" name="createportifolio" time="0.002"/>
  <testcase classname="testcases.portifolioManagement" name="modifyportifolio" time="0.0">
    <ignored/>
  </testcase> <!-- modifyportifolio -->
  <testcase classname="testcases.session" name="dologout" time="0.0">
    <ignored/>
  </testcase> <!-- dologout -->
  <testcase classname="testcases.BaseTest" name="@BeforeTest BeforeTest" time="0.0">
    <ignored/>
  </testcase> <!-- @BeforeTest BeforeTest -->
  <testcase classname="testcases.BaseTest" name="@AfterTest quit" time="0.0">
    <ignored/>
  </testcase> <!-- @AfterTest quit -->
  <testcase classname="testcases.portifolioManagement" name="deletportifolio" time="0.0">
    <ignored/>
  </testcase> <!-- deletportifolio -->
</testsuite> <!-- Test -->
